\BOOKMARK [-1][-]{part.1}{\376\377\000I\000\040\000W\000a\000r\000m\000-\000u\000p}{}% 1
\BOOKMARK [0][-]{chapter.1}{\376\377\000I\000n\000t\000r\000o\000d\000u\000c\000t\000i\000o\000n}{part.1}% 2
\BOOKMARK [0][-]{chapter.2}{\376\377\000K\000e\000y\000w\000o\000r\000d\000s}{part.1}% 3
\BOOKMARK [0][-]{chapter.3}{\376\377\000R\000e\000a\000l\000-\000l\000i\000f\000e\000\040\000E\000x\000a\000m\000p\000l\000e\000s}{part.1}% 4
\BOOKMARK [1][-]{section.3.1}{\376\377\000E\000m\000a\000i\000l\000\040\000a\000n\000d\000\040\000N\000e\000w\000s\000\040\000L\000e\000t\000t\000e\000r}{chapter.3}% 5
\BOOKMARK [1][-]{section.3.2}{\376\377\000G\000i\000t\000\040\000V\000e\000r\000s\000i\000o\000n\000\040\000C\000o\000n\000t\000r\000o\000l}{chapter.3}% 6
\BOOKMARK [1][-]{section.3.3}{\376\377\000C\000a\000l\000e\000n\000d\000a\000r\000\040\000A\000p\000p}{chapter.3}% 7
\BOOKMARK [1][-]{section.3.4}{\376\377\000W\000a\000i\000t\000i\000n\000g\000\040\000L\000i\000n\000e\000s\000\040\000a\000n\000d\000\040\000Q\000u\000e\000u\000e}{chapter.3}% 8
\BOOKMARK [1][-]{section.3.5}{\376\377\000G\000o\000o\000g\000l\000e\000\040\000D\000o\000c}{chapter.3}% 9
\BOOKMARK [-1][-]{part.2}{\376\377\000I\000I\000\040\000F\000u\000n\000d\000a\000m\000e\000n\000t\000a\000l\000s\000\040\000a\000n\000d\000\040\000B\000u\000i\000l\000d\000i\000n\000g\000\040\000B\000l\000o\000c\000k\000s}{}% 10
\BOOKMARK [0][-]{chapter.4}{\376\377\000L\000o\000g}{part.2}% 11
\BOOKMARK [1][-]{section.4.1}{\376\377\000O\000r\000d\000e\000r\000e\000d\000\040\000S\000e\000q\000u\000e\000n\000c\000e\000\040\000o\000f\000\040\000R\000e\000c\000o\000r\000d\000s}{chapter.4}% 12
\BOOKMARK [1][-]{section.4.2}{\376\377\000E\000x\000a\000m\000p\000l\000e\000s}{chapter.4}% 13
\BOOKMARK [0][-]{chapter.5}{\376\377\000C\000o\000n\000s\000i\000s\000t\000e\000n\000t\000\040\000H\000a\000s\000h\000i\000n\000g}{part.2}% 14
\BOOKMARK [0][-]{chapter.6}{\376\377\000C\000a\000c\000h\000e}{part.2}% 15
\BOOKMARK [1][-]{section.6.1}{\376\377\000D\000i\000s\000t\000r\000i\000b\000u\000t\000e\000d\000\040\000C\000a\000c\000h\000e}{chapter.6}% 16
\BOOKMARK [0][-]{chapter.7}{\376\377\000L\000o\000c\000k}{part.2}% 17
\BOOKMARK [1][-]{subsection.7.0.1}{\376\377\000D\000e\000f\000a\000u\000l\000t\000\040\000L\000o\000c\000k\000i\000n\000g}{chapter.7}% 18
\BOOKMARK [2][-]{subsection.7.0.2}{\376\377\000O\000p\000t\000i\000m\000i\000s\000t\000i\000c\000\040\000L\000o\000c\000k\000i\000n\000g}{subsection.7.0.1}% 19
\BOOKMARK [2][-]{subsection.7.0.3}{\376\377\000D\000i\000s\000t\000r\000i\000b\000u\000t\000e\000d\000\040\000L\000o\000c\000k\000s}{subsection.7.0.1}% 20
\BOOKMARK [0][-]{chapter.8}{\376\377\000M\000e\000s\000s\000a\000g\000e\000\040\000Q\000u\000e\000u\000e}{part.2}% 21
\BOOKMARK [0][-]{chapter.9}{\376\377\000D\000e\000s\000i\000g\000n\000\040\000P\000a\000t\000t\000e\000r\000n\000s}{part.2}% 22
\BOOKMARK [1][-]{section.9.1}{\376\377\000P\000a\000r\000t\000i\000t\000i\000o\000n}{chapter.9}% 23
\BOOKMARK [1][-]{section.9.2}{\376\377\000L\000e\000a\000d\000e\000r\000\040\000F\000o\000l\000l\000o\000w\000e\000r\000\040\000P\000a\000t\000t\000e\000r\000n}{chapter.9}% 24
\BOOKMARK [1][-]{section.9.3}{\376\377\000Q\000u\000o\000r\000u\000m}{chapter.9}% 25
\BOOKMARK [1][-]{section.9.4}{\376\377\000B\000a\000t\000c\000h}{chapter.9}% 26
\BOOKMARK [0][-]{chapter.10}{\376\377\000C\000l\000a\000s\000s\000i\000c\000\040\000A\000r\000c\000h\000i\000t\000e\000c\000t\000u\000r\000e}{part.2}% 27
\BOOKMARK [1][-]{section.10.1}{\376\377\000B\000a\000s\000i\000c\000\040\000T\000e\000m\000p\000l\000a\000t\000e}{chapter.10}% 28
\BOOKMARK [0][-]{chapter.11}{\376\377\000D\000a\000t\000a\000\040\000M\000o\000d\000e\000l\000i\000n\000g}{part.2}% 29
\BOOKMARK [-1][-]{part.3}{\376\377\000I\000I\000I\000\040\000C\000l\000o\000u\000d\000\040\000T\000e\000c\000h\000n\000o\000l\000o\000g\000y}{}% 30
\BOOKMARK [0][-]{chapter.12}{\376\377\000A\000W\000S}{part.3}% 31
\BOOKMARK [-1][-]{part.4}{\376\377\000I\000V\000\040\000D\000a\000t\000a\000b\000a\000s\000e}{}% 32
\BOOKMARK [0][-]{chapter.13}{\376\377\000R\000e\000l\000a\000t\000i\000o\000n\000a\000l\000\040\000D\000a\000t\000a\000b\000a\000s\000e}{part.4}% 33
\BOOKMARK [0][-]{chapter.14}{\376\377\000N\000o\000n\000-\000r\000e\000l\000a\000t\000i\000o\000n\000a\000l\000\040\000D\000a\000t\000a\000b\000a\000s\000e}{part.4}% 34
